Command line:
   seq1100diagram_tb_isim_beh.exe
     -simmode  gui
     -simrunnum  0
     -socket  59349

Sun Oct  1 19:19:15 2017


 Elaboration Time: 0.01 sec

 Current Memory Usage: 157.032 Meg

 Total Signals          : 10
 Total Nets             : 6
 Total Signal Drivers   : 5
 Total Blocks           : 3
 Total Primitive Blocks : 2
 Total Processes        : 4
 Total Traceable Variables  : 9
 Total Scalar Nets and Variables : 367
Total Line Count : 68

 Total Simulation Time: 0.16 sec

 Current Memory Usage: 232.534 Meg

Sun Oct  1 19:21:45 2017

