Release 13.1 - xst O.40d (lin64)
Copyright (c) 1995-2011 Xilinx, Inc.  All rights reserved.
--> 
Parameter TMPDIR set to xst/projnav.tmp


Total REAL time to Xst completion: 0.00 secs
Total CPU time to Xst completion: 0.04 secs
 
--> 
Parameter xsthdpdir set to xst


Total REAL time to Xst completion: 0.00 secs
Total CPU time to Xst completion: 0.04 secs
 
--> 
Reading design: seq1100circuit.prj

TABLE OF CONTENTS
  1) Synthesis Options Summary
  2) HDL Compilation
  3) Design Hierarchy Analysis
  4) HDL Analysis
  5) HDL Synthesis
     5.1) HDL Synthesis Report
  6) Advanced HDL Synthesis
     6.1) Advanced HDL Synthesis Report
  7) Low Level Synthesis
  8) Partition Report
  9) Final Report
	9.1) Device utilization summary
	9.2) Partition Resource Summary
	9.3) TIMING REPORT


=========================================================================
*                      Synthesis Options Summary                        *
=========================================================================
---- Source Parameters
Input File Name                    : "seq1100circuit.prj"
Input Format                       : mixed
Ignore Synthesis Constraint File   : NO

---- Target Parameters
Output File Name                   : "seq1100circuit"
Output Format                      : NGC
Target Device                      : xc3s100e-4-cp132

---- Source Options
Top Module Name                    : seq1100circuit
Automatic FSM Extraction           : YES
FSM Encoding Algorithm             : Auto
Safe Implementation                : No
FSM Style                          : LUT
RAM Extraction                     : Yes
RAM Style                          : Auto
ROM Extraction                     : Yes
Mux Style                          : Auto
Decoder Extraction                 : YES
Priority Encoder Extraction        : Yes
Shift Register Extraction          : YES
Logical Shifter Extraction         : YES
XOR Collapsing                     : YES
ROM Style                          : Auto
Mux Extraction                     : Yes
Resource Sharing                   : YES
Asynchronous To Synchronous        : NO
Multiplier Style                   : Auto
Automatic Register Balancing       : No

---- Target Options
Add IO Buffers                     : YES
Global Maximum Fanout              : 500
Add Generic Clock Buffer(BUFG)     : 24
Register Duplication               : YES
Slice Packing                      : YES
Optimize Instantiated Primitives   : NO
Use Clock Enable                   : Yes
Use Synchronous Set                : Yes
Use Synchronous Reset              : Yes
Pack IO Registers into IOBs        : Auto
Equivalent register Removal        : YES

---- General Options
Optimization Goal                  : Speed
Optimization Effort                : 1
Keep Hierarchy                     : No
Netlist Hierarchy                  : As_Optimized
RTL Output                         : Yes
Global Optimization                : AllClockNets
Read Cores                         : YES
Write Timing Constraints           : NO
Cross Clock Analysis               : NO
Hierarchy Separator                : /
Bus Delimiter                      : <>
Case Specifier                     : Maintain
Slice Utilization Ratio            : 100
BRAM Utilization Ratio             : 100
Verilog 2001                       : YES
Auto BRAM Packing                  : NO
Slice Utilization Ratio Delta      : 5

=========================================================================


=========================================================================
*                          HDL Compilation                              *
=========================================================================
Compiling vhdl file "/home/ghost/Repo_Sistemas_L/seq1100circuit/FlipflopD.vhd" in Library work.
Entity <flipflopd> compiled.
Entity <flipflopd> (Architecture <behavioral>) compiled.
Compiling vhdl file "/home/ghost/Repo_Sistemas_L/seq1100circuit/seq1100circuit.vhd" in Library work.
Entity <seq1100circuit> compiled.
Entity <seq1100circuit> (Architecture <behavioral>) compiled.

=========================================================================
*                     Design Hierarchy Analysis                         *
=========================================================================
Analyzing hierarchy for entity <seq1100circuit> in library <work> (architecture <behavioral>).

Analyzing hierarchy for entity <FlipflopD> in library <work> (architecture <behavioral>).


=========================================================================
*                            HDL Analysis                               *
=========================================================================
Analyzing Entity <seq1100circuit> in library <work> (Architecture <behavioral>).
Entity <seq1100circuit> analyzed. Unit <seq1100circuit> generated.

Analyzing Entity <FlipflopD> in library <work> (Architecture <behavioral>).
Entity <FlipflopD> analyzed. Unit <FlipflopD> generated.


=========================================================================
*                           HDL Synthesis                               *
=========================================================================

Performing bidirectional port resolution...

Synthesizing Unit <FlipflopD>.
    Related source file is "/home/ghost/Repo_Sistemas_L/seq1100circuit/FlipflopD.vhd".
    Found 1-bit register for signal <Qs>.
    Summary:
	inferred   1 D-type flip-flop(s).
Unit <FlipflopD> synthesized.


Synthesizing Unit <seq1100circuit>.
    Related source file is "/home/ghost/Repo_Sistemas_L/seq1100circuit/seq1100circuit.vhd".
WARNING:Xst:646 - Signal <Q1N> is assigned but never used. This unconnected signal will be trimmed during the optimization process.
WARNING:Xst:646 - Signal <Q0N> is assigned but never used. This unconnected signal will be trimmed during the optimization process.
Unit <seq1100circuit> synthesized.


=========================================================================
HDL Synthesis Report

Macro Statistics
# Registers                                            : 2
 1-bit register                                        : 2

=========================================================================

=========================================================================
*                       Advanced HDL Synthesis                          *
=========================================================================


=========================================================================
Advanced HDL Synthesis Report

Macro Statistics
# Registers                                            : 2
 Flip-Flops                                            : 2

=========================================================================

=========================================================================
*                         Low Level Synthesis                           *
=========================================================================

Optimizing unit <seq1100circuit> ...

Mapping all equations...
Building and optimizing final netlist ...
Found area constraint ratio of 100 (+ 5) on block seq1100circuit, actual ratio is 0.

Final Macro Processing ...

=========================================================================
Final Register Report

Macro Statistics
# Registers                                            : 2
 Flip-Flops                                            : 2

=========================================================================

=========================================================================
*                           Partition Report                            *
=========================================================================

Partition Implementation Status
-------------------------------

  No Partitions were found in this design.

-------------------------------

=========================================================================
*                            Final Report                               *
=========================================================================
Final Results
RTL Top Level Output File Name     : seq1100circuit.ngr
Top Level Output File Name         : seq1100circuit
Output Format                      : NGC
Optimization Goal                  : Speed
Keep Hierarchy                     : No

Design Statistics
# IOs                              : 3

Cell Usage :
# BELS                             : 2
#      LUT3                        : 2
# FlipFlops/Latches                : 2
#      FD                          : 2
# Clock Buffers                    : 1
#      BUFGP                       : 1
# IO Buffers                       : 2
#      IBUF                        : 1
#      OBUF                        : 1
=========================================================================

Device utilization summary:
---------------------------

Selected Device : 3s100ecp132-4 

 Number of Slices:                        1  out of    960     0%  
 Number of Slice Flip Flops:              2  out of   1920     0%  
 Number of 4 input LUTs:                  2  out of   1920     0%  
 Number of IOs:                           3
 Number of bonded IOBs:                   3  out of     83     3%  
 Number of GCLKs:                         1  out of     24     4%  

---------------------------
Partition Resource Summary:
---------------------------

  No Partitions were found in this design.

---------------------------


=========================================================================
TIMING REPORT

NOTE: THESE TIMING NUMBERS ARE ONLY A SYNTHESIS ESTIMATE.
      FOR ACCURATE TIMING INFORMATION PLEASE REFER TO THE TRACE REPORT
      GENERATED AFTER PLACE-and-ROUTE.

Clock Information:
------------------
-----------------------------------+------------------------+-------+
Clock Signal                       | Clock buffer(FF name)  | Load  |
-----------------------------------+------------------------+-------+
clk                                | BUFGP                  | 2     |
-----------------------------------+------------------------+-------+

Asynchronous Control Signals Information:
----------------------------------------
No asynchronous control signals found in this design

Timing Summary:
---------------
Speed Grade: -4

   Minimum period: 2.129ns (Maximum Frequency: 469.704MHz)
   Minimum input arrival time before clock: 2.936ns
   Maximum output required time after clock: 5.609ns
   Maximum combinational path delay: 6.180ns

Timing Detail:
--------------
All values displayed in nanoseconds (ns)

=========================================================================
Timing constraint: Default period analysis for Clock 'clk'
  Clock period: 2.129ns (frequency: 469.704MHz)
  Total number of paths / destination ports: 2 / 1
-------------------------------------------------------------------------
Delay:               2.129ns (Levels of Logic = 1)
  Source:            FF1/Qs (FF)
  Destination:       FF1/Qs (FF)
  Source Clock:      clk rising
  Destination Clock: clk rising

  Data Path: FF1/Qs to FF1/Qs
                                Gate     Net
    Cell:in->out      fanout   Delay   Delay  Logical Name (Net Name)
    ----------------------------------------  ------------
     FD:C->Q               2   0.591   0.526  FF1/Qs (FF1/Qs)
     LUT3:I1->O            1   0.704   0.000  D11 (D1)
     FD:D                      0.308          FF1/Qs
    ----------------------------------------
    Total                      2.129ns (1.603ns logic, 0.526ns route)
                                       (75.3% logic, 24.7% route)

=========================================================================
Timing constraint: Default OFFSET IN BEFORE for Clock 'clk'
  Total number of paths / destination ports: 2 / 2
-------------------------------------------------------------------------
Offset:              2.936ns (Levels of Logic = 2)
  Source:            x (PAD)
  Destination:       FF1/Qs (FF)
  Destination Clock: clk rising

  Data Path: x to FF1/Qs
                                Gate     Net
    Cell:in->out      fanout   Delay   Delay  Logical Name (Net Name)
    ----------------------------------------  ------------
     IBUF:I->O             3   1.218   0.706  x_IBUF (x_IBUF)
     LUT3:I0->O            1   0.704   0.000  D11 (D1)
     FD:D                      0.308          FF1/Qs
    ----------------------------------------
    Total                      2.936ns (2.230ns logic, 0.706ns route)
                                       (76.0% logic, 24.0% route)

=========================================================================
Timing constraint: Default OFFSET OUT AFTER for Clock 'clk'
  Total number of paths / destination ports: 2 / 1
-------------------------------------------------------------------------
Offset:              5.609ns (Levels of Logic = 2)
  Source:            FF0/Qs (FF)
  Destination:       z (PAD)
  Source Clock:      clk rising

  Data Path: FF0/Qs to z
                                Gate     Net
    Cell:in->out      fanout   Delay   Delay  Logical Name (Net Name)
    ----------------------------------------  ------------
     FD:C->Q               2   0.591   0.622  FF0/Qs (FF0/Qs)
     LUT3:I0->O            1   0.704   0.420  z1 (z_OBUF)
     OBUF:I->O                 3.272          z_OBUF (z)
    ----------------------------------------
    Total                      5.609ns (4.567ns logic, 1.042ns route)
                                       (81.4% logic, 18.6% route)

=========================================================================
Timing constraint: Default path analysis
  Total number of paths / destination ports: 1 / 1
-------------------------------------------------------------------------
Delay:               6.180ns (Levels of Logic = 3)
  Source:            x (PAD)
  Destination:       z (PAD)

  Data Path: x to z
                                Gate     Net
    Cell:in->out      fanout   Delay   Delay  Logical Name (Net Name)
    ----------------------------------------  ------------
     IBUF:I->O             3   1.218   0.566  x_IBUF (x_IBUF)
     LUT3:I2->O            1   0.704   0.420  z1 (z_OBUF)
     OBUF:I->O                 3.272          z_OBUF (z)
    ----------------------------------------
    Total                      6.180ns (5.194ns logic, 0.986ns route)
                                       (84.0% logic, 16.0% route)

=========================================================================


Total REAL time to Xst completion: 3.00 secs
Total CPU time to Xst completion: 3.27 secs
 
--> 


Total memory usage is 336884 kilobytes

Number of errors   :    0 (   0 filtered)
Number of warnings :    2 (   0 filtered)
Number of infos    :    0 (   0 filtered)

